3
6
1 1 2
3 3 1
3 1 1
1 3 1
3 2 1
2 3 1
4
4
1 1 2
3 3 2
3 1 2
1 3 2
5
8
1 1 3
4 1 2
1 4 2
3 4 2
4 3 1
5 3 1
5 4 1
5 5 1
6
4
1 1 3
4 4 3
4 1 3
1 4 3
7
9
1 1 4
5 1 3
1 5 3
4 5 2
6 4 2
6 6 2
4 7 1
5 4 1
5 7 1
8
4
1 1 4
5 5 4
5 1 4
1 5 4
9
6
1 1 6
7 7 3
7 1 3
1 7 3
7 4 3
4 7 3
10
4
1 1 5
6 6 5
6 1 5
1 6 5
11
11
1 1 6
7 1 5
1 7 5
6 8 4
7 6 2
9 6 2
10 8 2
10 10 2
6 7 1
11 6 1
11 7 1
12
4
1 1 6
7 7 6
7 1 6
1 7 6
13
11
1 1 7
8 1 6
1 8 6
7 10 4
9 7 3
11 11 3
7 8 2
12 7 2
12 9 2
8 7 1
11 10 1
14
4
1 1 7
8 8 7
8 1 7
1 8 7
15
6
1 1 10
11 11 5
11 1 5
1 11 5
11 6 5
6 11 5
16
4
1 1 8
9 9 8
9 1 8
1 9 8
17
12
1 1 9
10 1 8
1 10 8
13 13 5
9 12 4
14 9 4
11 9 3
9 10 2
9 16 2
11 16 2
10 9 1
13 12 1
18
4
1 1 9
10 10 9
10 1 9
1 10 9
19
13
1 1 10
11 1 9
1 11 9
10 13 7
12 10 3
15 10 3
17 14 3
17 17 3
10 11 2
18 10 2
18 12 2
11 10 1
17 13 1
20
4
1 1 10
11 11 10
11 1 10
1 11 10
21
6
1 1 14
15 15 7
15 1 7
1 15 7
15 8 7
8 15 7
22
4
1 1 11
12 12 11
12 1 11
1 12 11
23
13
1 1 12
13 1 11
1 13 11
12 17 7
15 12 5
19 19 5
20 12 4
12 14 3
21 16 3
13 12 2
19 17 2
12 13 1
20 16 1
24
4
1 1 12
13 13 12
13 1 12
1 13 12
25
8
1 1 15
16 1 10
1 16 10
11 16 10
16 11 5
21 11 5
21 16 5
21 21 5
26
4
1 1 13
14 14 13
14 1 13
1 14 13
27
6
1 1 18
19 19 9
19 1 9
1 19 9
19 10 9
10 19 9
28
4
1 1 14
15 15 14
15 1 14
1 15 14
29
14
1 1 15
16 1 14
1 16 14
22 22 8
15 23 7
23 15 7
15 18 5
17 15 3
20 15 3
20 18 3
15 16 2
20 21 2
16 15 1
22 21 1
30
4
1 1 15
16 16 15
16 1 15
1 16 15
31
15
1 1 16
17 1 15
1 17 15
16 21 11
18 16 5
23 16 5
27 22 5
27 27 5
28 16 4
16 17 2
16 19 2
28 20 2
30 20 2
17 16 1
27 21 1
32
4
1 1 16
17 17 16
17 1 16
1 17 16
33
6
1 1 22
23 23 11
23 1 11
1 23 11
23 12 11
12 23 11
34
4
1 1 17
18 18 17
18 1 17
1 18 17
35
8
1 1 21
22 1 14
1 22 14
15 22 14
22 15 7
29 15 7
29 22 7
29 29 7
36
4
1 1 18
19 19 18
19 1 18
1 19 18
37
15
1 1 19
20 1 18
1 20 18
26 26 12
19 24 7
19 31 7
31 19 7
22 19 5
27 19 4
19 21 3
28 23 3
20 19 2
26 24 2
19 20 1
27 23 1
38
4
1 1 19
20 20 19
20 1 19
1 20 19
39
6
1 1 26
27 27 13
27 1 13
1 27 13
27 14 13
14 27 13
40
4
1 1 20
21 21 20
21 1 20
1 21 20
41
15
1 1 23
24 1 18
1 24 18
30 30 12
19 31 11
31 19 11
19 24 7
26 23 5
27 19 4
24 19 3
26 28 3
24 22 2
29 28 2
26 22 1
29 30 1
42
4
1 1 21
22 22 21
22 1 21
1 22 21
43
16
1 1 22
23 1 21
1 23 21
22 30 14
25 22 8
36 28 8
36 36 8
38 22 6
33 22 5
22 24 3
22 27 3
33 27 3
23 22 2
22 23 1
36 27 1
37 27 1
44
4
1 1 22
23 23 22
23 1 22
1 23 22
45
6
1 1 30
31 31 15
31 1 15
1 31 15
31 16 15
16 31 15
46
4
1 1 23
24 24 23
24 1 23
1 24 23
47
16
1 1 24
25 1 23
1 25 23
24 34 14
30 24 10
38 38 10
40 24 8
24 28 6
42 32 6
26 24 4
38 34 4
24 25 2
40 32 2
24 27 1
25 24 1
25 27 1
48
4
1 1 24
25 25 24
25 1 24
1 25 24
49
9
1 1 28
29 1 21
1 29 21
22 29 14
36 22 14
36 36 14
22 43 7
29 22 7
29 43 7
50
4
1 1 25
26 26 25
26 1 25
1 26 25
